25-01-30 22:10:05.280 [org.springframework.kafka.KafkaListenerEndpointContainer#0-0-C-1] INFO  o.apache.kafka.clients.NetworkClient - [Consumer clientId=consumer-weekly-sentiments-group-1, groupId=weekly-sentiments-group] Disconnecting from node 3 due to socket connection setup timeout. The timeout value is 8692 ms. 
25-01-30 22:10:05.281 [org.springframework.kafka.KafkaListenerEndpointContainer#0-0-C-1] INFO  o.a.k.clients.FetchSessionHandler - [Consumer clientId=consumer-weekly-sentiments-group-1, groupId=weekly-sentiments-group] Error sending fetch request (sessionId=1145472101, epoch=INITIAL) to node 3: 
org.apache.kafka.common.errors.DisconnectException: null
25-01-30 22:10:05.482 [org.springframework.kafka.KafkaListenerEndpointContainer#0-0-C-1] INFO  o.apache.kafka.clients.NetworkClient - [Consumer clientId=consumer-weekly-sentiments-group-1, groupId=weekly-sentiments-group] Disconnecting from node 4 due to socket connection setup timeout. The timeout value is 8905 ms. 
25-01-30 22:10:07.106 [org.springframework.kafka.KafkaListenerEndpointContainer#0-0-C-1] INFO  o.apache.kafka.clients.NetworkClient - [Consumer clientId=consumer-weekly-sentiments-group-1, groupId=weekly-sentiments-group] Disconnecting from node 11 due to socket connection setup timeout. The timeout value is 10527 ms. 
25-01-30 22:10:07.107 [org.springframework.kafka.KafkaListenerEndpointContainer#0-0-C-1] INFO  o.a.k.clients.FetchSessionHandler - [Consumer clientId=consumer-weekly-sentiments-group-1, groupId=weekly-sentiments-group] Error sending fetch request (sessionId=703617819, epoch=INITIAL) to node 11: 
org.apache.kafka.common.errors.DisconnectException: null
25-01-30 22:10:07.208 [org.springframework.kafka.KafkaListenerEndpointContainer#0-0-C-1] INFO  o.apache.kafka.clients.NetworkClient - [Consumer clientId=consumer-weekly-sentiments-group-1, groupId=weekly-sentiments-group] Disconnecting from node 2 due to socket connection setup timeout. The timeout value is 10592 ms. 
25-01-30 22:10:07.208 [org.springframework.kafka.KafkaListenerEndpointContainer#0-0-C-1] INFO  o.a.k.clients.FetchSessionHandler - [Consumer clientId=consumer-weekly-sentiments-group-1, groupId=weekly-sentiments-group] Error sending fetch request (sessionId=462827814, epoch=INITIAL) to node 2: 
org.apache.kafka.common.errors.DisconnectException: null
25-01-30 22:10:07.409 [org.springframework.kafka.KafkaListenerEndpointContainer#0-0-C-1] INFO  o.apache.kafka.clients.NetworkClient - [Consumer clientId=consumer-weekly-sentiments-group-1, groupId=weekly-sentiments-group] Disconnecting from node 0 due to socket connection setup timeout. The timeout value is 10863 ms. 
25-01-30 22:10:07.410 [org.springframework.kafka.KafkaListenerEndpointContainer#0-0-C-1] INFO  o.a.k.clients.FetchSessionHandler - [Consumer clientId=consumer-weekly-sentiments-group-1, groupId=weekly-sentiments-group] Error sending fetch request (sessionId=1087337584, epoch=INITIAL) to node 0: 
org.apache.kafka.common.errors.DisconnectException: null
25-01-30 22:10:07.611 [org.springframework.kafka.KafkaListenerEndpointContainer#0-0-C-1] INFO  o.apache.kafka.clients.NetworkClient - [Consumer clientId=consumer-weekly-sentiments-group-1, groupId=weekly-sentiments-group] Disconnecting from node 10 due to socket connection setup timeout. The timeout value is 11033 ms. 
25-01-30 22:10:07.611 [org.springframework.kafka.KafkaListenerEndpointContainer#0-0-C-1] INFO  o.a.k.clients.FetchSessionHandler - [Consumer clientId=consumer-weekly-sentiments-group-1, groupId=weekly-sentiments-group] Error sending fetch request (sessionId=1475790119, epoch=INITIAL) to node 10: 
org.apache.kafka.common.errors.DisconnectException: null
25-01-30 22:10:07.790 [org.springframework.kafka.KafkaListenerEndpointContainer#0-0-C-1] INFO  o.apache.kafka.clients.NetworkClient - [Consumer clientId=consumer-weekly-sentiments-group-1, groupId=weekly-sentiments-group] Disconnecting from node 1 due to socket connection setup timeout. The timeout value is 11238 ms. 
25-01-30 22:10:07.790 [org.springframework.kafka.KafkaListenerEndpointContainer#0-0-C-1] INFO  o.a.k.clients.FetchSessionHandler - [Consumer clientId=consumer-weekly-sentiments-group-1, groupId=weekly-sentiments-group] Error sending fetch request (sessionId=935258526, epoch=INITIAL) to node 1: 
org.apache.kafka.common.errors.DisconnectException: null
25-01-30 22:10:10.242 [cluster-ClusterId{value='679b88bc098dad79eb2c07e5', description='LaFlamme'}-laflamme-shard-00-00.u1zyt.mongodb.net:27017] INFO  org.mongodb.driver.cluster - Exception in monitor thread while connecting to server laflamme-shard-00-00.u1zyt.mongodb.net:27017 
com.mongodb.MongoSocketReadTimeoutException: Timeout while receiving message
	at com.mongodb.internal.connection.InternalStreamConnection.translateReadException(InternalStreamConnection.java:705)
	at com.mongodb.internal.connection.InternalStreamConnection.receiveMessageWithAdditionalTimeout(InternalStreamConnection.java:583)
	at com.mongodb.internal.connection.InternalStreamConnection.receiveCommandMessageResponse(InternalStreamConnection.java:428)
	at com.mongodb.internal.connection.InternalStreamConnection.receive(InternalStreamConnection.java:381)
	at com.mongodb.internal.connection.DefaultServerMonitor$ServerMonitorRunnable.lookupServerDescription(DefaultServerMonitor.java:221)
	at com.mongodb.internal.connection.DefaultServerMonitor$ServerMonitorRunnable.run(DefaultServerMonitor.java:153)
	at java.base/java.lang.Thread.run(Thread.java:1583)
Caused by: java.net.SocketTimeoutException: Read timed out
	at java.base/sun.nio.ch.NioSocketImpl.timedRead(NioSocketImpl.java:278)
	at java.base/sun.nio.ch.NioSocketImpl.implRead(NioSocketImpl.java:304)
	at java.base/sun.nio.ch.NioSocketImpl.read(NioSocketImpl.java:346)
	at java.base/sun.nio.ch.NioSocketImpl$1.read(NioSocketImpl.java:796)
	at java.base/java.net.Socket$SocketInputStream.read(Socket.java:1099)
	at java.base/sun.security.ssl.SSLSocketInputRecord.read(SSLSocketInputRecord.java:489)
	at java.base/sun.security.ssl.SSLSocketInputRecord.readHeader(SSLSocketInputRecord.java:483)
	at java.base/sun.security.ssl.SSLSocketInputRecord.bytesInCompletePacket(SSLSocketInputRecord.java:70)
	at java.base/sun.security.ssl.SSLSocketImpl.readApplicationRecord(SSLSocketImpl.java:1461)
	at java.base/sun.security.ssl.SSLSocketImpl$AppInputStream.read(SSLSocketImpl.java:1066)
	at com.mongodb.internal.connection.SocketStream.read(SocketStream.java:176)
	at com.mongodb.internal.connection.SocketStream.read(SocketStream.java:196)
	at com.mongodb.internal.connection.InternalStreamConnection.receiveResponseBuffers(InternalStreamConnection.java:716)
	at com.mongodb.internal.connection.InternalStreamConnection.receiveMessageWithAdditionalTimeout(InternalStreamConnection.java:580)
	... 5 common frames omitted
25-01-30 22:10:10.252 [cluster-ClusterId{value='679b88bc098dad79eb2c07e5', description='LaFlamme'}-laflamme-shard-00-02.u1zyt.mongodb.net:27017] INFO  org.mongodb.driver.cluster - Exception in monitor thread while connecting to server laflamme-shard-00-02.u1zyt.mongodb.net:27017 
com.mongodb.MongoSocketReadTimeoutException: Timeout while receiving message
	at com.mongodb.internal.connection.InternalStreamConnection.translateReadException(InternalStreamConnection.java:705)
	at com.mongodb.internal.connection.InternalStreamConnection.receiveMessageWithAdditionalTimeout(InternalStreamConnection.java:583)
	at com.mongodb.internal.connection.InternalStreamConnection.receiveCommandMessageResponse(InternalStreamConnection.java:428)
	at com.mongodb.internal.connection.InternalStreamConnection.receive(InternalStreamConnection.java:381)
	at com.mongodb.internal.connection.DefaultServerMonitor$ServerMonitorRunnable.lookupServerDescription(DefaultServerMonitor.java:221)
	at com.mongodb.internal.connection.DefaultServerMonitor$ServerMonitorRunnable.run(DefaultServerMonitor.java:153)
	at java.base/java.lang.Thread.run(Thread.java:1583)
Caused by: java.net.SocketTimeoutException: Read timed out
	at java.base/sun.nio.ch.NioSocketImpl.timedRead(NioSocketImpl.java:278)
	at java.base/sun.nio.ch.NioSocketImpl.implRead(NioSocketImpl.java:304)
	at java.base/sun.nio.ch.NioSocketImpl.read(NioSocketImpl.java:346)
	at java.base/sun.nio.ch.NioSocketImpl$1.read(NioSocketImpl.java:796)
	at java.base/java.net.Socket$SocketInputStream.read(Socket.java:1099)
	at java.base/sun.security.ssl.SSLSocketInputRecord.read(SSLSocketInputRecord.java:489)
	at java.base/sun.security.ssl.SSLSocketInputRecord.readHeader(SSLSocketInputRecord.java:483)
	at java.base/sun.security.ssl.SSLSocketInputRecord.bytesInCompletePacket(SSLSocketInputRecord.java:70)
	at java.base/sun.security.ssl.SSLSocketImpl.readApplicationRecord(SSLSocketImpl.java:1461)
	at java.base/sun.security.ssl.SSLSocketImpl$AppInputStream.read(SSLSocketImpl.java:1066)
	at com.mongodb.internal.connection.SocketStream.read(SocketStream.java:176)
	at com.mongodb.internal.connection.SocketStream.read(SocketStream.java:196)
	at com.mongodb.internal.connection.InternalStreamConnection.receiveResponseBuffers(InternalStreamConnection.java:716)
	at com.mongodb.internal.connection.InternalStreamConnection.receiveMessageWithAdditionalTimeout(InternalStreamConnection.java:580)
	... 5 common frames omitted
25-01-30 22:10:10.392 [cluster-ClusterId{value='679b88bc098dad79eb2c07e5', description='LaFlamme'}-laflamme-shard-00-01.u1zyt.mongodb.net:27017] INFO  org.mongodb.driver.cluster - Exception in monitor thread while connecting to server laflamme-shard-00-01.u1zyt.mongodb.net:27017 
com.mongodb.MongoSocketReadTimeoutException: Timeout while receiving message
	at com.mongodb.internal.connection.InternalStreamConnection.translateReadException(InternalStreamConnection.java:705)
	at com.mongodb.internal.connection.InternalStreamConnection.receiveMessageWithAdditionalTimeout(InternalStreamConnection.java:583)
	at com.mongodb.internal.connection.InternalStreamConnection.receiveCommandMessageResponse(InternalStreamConnection.java:428)
	at com.mongodb.internal.connection.InternalStreamConnection.receive(InternalStreamConnection.java:381)
	at com.mongodb.internal.connection.DefaultServerMonitor$ServerMonitorRunnable.lookupServerDescription(DefaultServerMonitor.java:221)
	at com.mongodb.internal.connection.DefaultServerMonitor$ServerMonitorRunnable.run(DefaultServerMonitor.java:153)
	at java.base/java.lang.Thread.run(Thread.java:1583)
Caused by: java.net.SocketTimeoutException: Read timed out
	at java.base/sun.nio.ch.NioSocketImpl.timedRead(NioSocketImpl.java:278)
	at java.base/sun.nio.ch.NioSocketImpl.implRead(NioSocketImpl.java:304)
	at java.base/sun.nio.ch.NioSocketImpl.read(NioSocketImpl.java:346)
	at java.base/sun.nio.ch.NioSocketImpl$1.read(NioSocketImpl.java:796)
	at java.base/java.net.Socket$SocketInputStream.read(Socket.java:1099)
	at java.base/sun.security.ssl.SSLSocketInputRecord.read(SSLSocketInputRecord.java:489)
	at java.base/sun.security.ssl.SSLSocketInputRecord.readHeader(SSLSocketInputRecord.java:483)
	at java.base/sun.security.ssl.SSLSocketInputRecord.bytesInCompletePacket(SSLSocketInputRecord.java:70)
	at java.base/sun.security.ssl.SSLSocketImpl.readApplicationRecord(SSLSocketImpl.java:1461)
	at java.base/sun.security.ssl.SSLSocketImpl$AppInputStream.read(SSLSocketImpl.java:1066)
	at com.mongodb.internal.connection.SocketStream.read(SocketStream.java:176)
	at com.mongodb.internal.connection.SocketStream.read(SocketStream.java:196)
	at com.mongodb.internal.connection.InternalStreamConnection.receiveResponseBuffers(InternalStreamConnection.java:716)
	at com.mongodb.internal.connection.InternalStreamConnection.receiveMessageWithAdditionalTimeout(InternalStreamConnection.java:580)
	... 5 common frames omitted
25-01-30 22:10:10.460 [cluster-ClusterId{value='679b88bc098dad79eb2c07e5', description='LaFlamme'}-laflamme-shard-00-02.u1zyt.mongodb.net:27017] INFO  org.mongodb.driver.cluster - Monitor thread successfully connected to server with description ServerDescription{address=laflamme-shard-00-02.u1zyt.mongodb.net:27017, type=REPLICA_SET_PRIMARY, state=CONNECTED, ok=true, minWireVersion=0, maxWireVersion=25, maxDocumentSize=16777216, logicalSessionTimeoutMinutes=30, roundTripTimeNanos=43245204, setName='atlas-qn13ej-shard-0', canonicalAddress=laflamme-shard-00-02.u1zyt.mongodb.net:27017, hosts=[laflamme-shard-00-00.u1zyt.mongodb.net:27017, laflamme-shard-00-02.u1zyt.mongodb.net:27017, laflamme-shard-00-01.u1zyt.mongodb.net:27017], passives=[], arbiters=[], primary='laflamme-shard-00-02.u1zyt.mongodb.net:27017', tagSet=TagSet{[Tag{name='availabilityZone', value='aps1-az2'}, Tag{name='diskState', value='READY'}, Tag{name='nodeType', value='ELECTABLE'}, Tag{name='provider', value='AWS'}, Tag{name='region', value='AP_SOUTH_1'}, Tag{name='workloadType', value='OPERATIONAL'}]}, electionId=7fffffff00000000000000af, setVersion=214, topologyVersion=TopologyVersion{processId=679b9764fe9e86e73165b605, counter=6}, lastWriteDate=Thu Jan 30 22:10:11 IST 2025, lastUpdateTimeNanos=23052128168490} 
25-01-30 22:10:10.460 [cluster-ClusterId{value='679b88bc098dad79eb2c07e5', description='LaFlamme'}-laflamme-shard-00-00.u1zyt.mongodb.net:27017] INFO  org.mongodb.driver.cluster - Monitor thread successfully connected to server with description ServerDescription{address=laflamme-shard-00-00.u1zyt.mongodb.net:27017, type=REPLICA_SET_SECONDARY, state=CONNECTED, ok=true, minWireVersion=0, maxWireVersion=25, maxDocumentSize=16777216, logicalSessionTimeoutMinutes=30, roundTripTimeNanos=42960605, setName='atlas-qn13ej-shard-0', canonicalAddress=laflamme-shard-00-00.u1zyt.mongodb.net:27017, hosts=[laflamme-shard-00-00.u1zyt.mongodb.net:27017, laflamme-shard-00-02.u1zyt.mongodb.net:27017, laflamme-shard-00-01.u1zyt.mongodb.net:27017], passives=[], arbiters=[], primary='laflamme-shard-00-02.u1zyt.mongodb.net:27017', tagSet=TagSet{[Tag{name='availabilityZone', value='aps1-az1'}, Tag{name='diskState', value='READY'}, Tag{name='nodeType', value='ELECTABLE'}, Tag{name='provider', value='AWS'}, Tag{name='region', value='AP_SOUTH_1'}, Tag{name='workloadType', value='OPERATIONAL'}]}, electionId=null, setVersion=214, topologyVersion=TopologyVersion{processId=679b984c88f84c9980bfe31e, counter=4}, lastWriteDate=Thu Jan 30 22:10:11 IST 2025, lastUpdateTimeNanos=23052128168480} 
25-01-30 22:10:10.461 [cluster-ClusterId{value='679b88bc098dad79eb2c07e5', description='LaFlamme'}-laflamme-shard-00-02.u1zyt.mongodb.net:27017] INFO  org.mongodb.driver.cluster - Discovered replica set primary laflamme-shard-00-02.u1zyt.mongodb.net:27017 with max election id 7fffffff00000000000000af and max set version 214 
25-01-30 22:10:10.521 [cluster-ClusterId{value='679b88bc098dad79eb2c07e5', description='LaFlamme'}-laflamme-shard-00-01.u1zyt.mongodb.net:27017] INFO  org.mongodb.driver.cluster - Monitor thread successfully connected to server with description ServerDescription{address=laflamme-shard-00-01.u1zyt.mongodb.net:27017, type=REPLICA_SET_SECONDARY, state=CONNECTED, ok=true, minWireVersion=0, maxWireVersion=25, maxDocumentSize=16777216, logicalSessionTimeoutMinutes=30, roundTripTimeNanos=42283888, setName='atlas-qn13ej-shard-0', canonicalAddress=laflamme-shard-00-01.u1zyt.mongodb.net:27017, hosts=[laflamme-shard-00-00.u1zyt.mongodb.net:27017, laflamme-shard-00-02.u1zyt.mongodb.net:27017, laflamme-shard-00-01.u1zyt.mongodb.net:27017], passives=[], arbiters=[], primary='laflamme-shard-00-02.u1zyt.mongodb.net:27017', tagSet=TagSet{[Tag{name='availabilityZone', value='aps1-az3'}, Tag{name='diskState', value='READY'}, Tag{name='nodeType', value='ELECTABLE'}, Tag{name='provider', value='AWS'}, Tag{name='region', value='AP_SOUTH_1'}, Tag{name='workloadType', value='OPERATIONAL'}]}, electionId=null, setVersion=214, topologyVersion=TopologyVersion{processId=679b99f956e0c82813491538, counter=3}, lastWriteDate=Thu Jan 30 22:10:11 IST 2025, lastUpdateTimeNanos=23052188963435} 
25-01-30 22:10:29.073 [org.springframework.kafka.KafkaListenerEndpointContainer#0-0-C-1] INFO  o.apache.kafka.clients.NetworkClient - [Consumer clientId=consumer-weekly-sentiments-group-1, groupId=weekly-sentiments-group] Disconnecting from node 3 due to socket connection setup timeout. The timeout value is 22202 ms. 
25-01-30 22:10:29.074 [org.springframework.kafka.KafkaListenerEndpointContainer#0-0-C-1] INFO  o.a.k.clients.FetchSessionHandler - [Consumer clientId=consumer-weekly-sentiments-group-1, groupId=weekly-sentiments-group] Error sending fetch request (sessionId=1145472101, epoch=INITIAL) to node 3: 
org.apache.kafka.common.errors.DisconnectException: null
25-01-30 22:10:31.180 [org.springframework.kafka.KafkaListenerEndpointContainer#0-0-C-1] INFO  o.apache.kafka.clients.NetworkClient - [Consumer clientId=consumer-weekly-sentiments-group-1, groupId=weekly-sentiments-group] Disconnecting from node 0 due to socket connection setup timeout. The timeout value is 19287 ms. 
25-01-30 22:10:31.180 [org.springframework.kafka.KafkaListenerEndpointContainer#0-0-C-1] INFO  o.a.k.clients.FetchSessionHandler - [Consumer clientId=consumer-weekly-sentiments-group-1, groupId=weekly-sentiments-group] Error sending fetch request (sessionId=1087337584, epoch=INITIAL) to node 0: 
org.apache.kafka.common.errors.DisconnectException: null
25-01-30 22:10:32.984 [org.springframework.kafka.KafkaListenerEndpointContainer#0-0-C-1] INFO  o.apache.kafka.clients.NetworkClient - [Consumer clientId=consumer-weekly-sentiments-group-1, groupId=weekly-sentiments-group] Disconnecting from node 2 due to socket connection setup timeout. The timeout value is 21118 ms. 
25-01-30 22:10:32.985 [org.springframework.kafka.KafkaListenerEndpointContainer#0-0-C-1] INFO  o.a.k.clients.FetchSessionHandler - [Consumer clientId=consumer-weekly-sentiments-group-1, groupId=weekly-sentiments-group] Error sending fetch request (sessionId=462827814, epoch=INITIAL) to node 2: 
org.apache.kafka.common.errors.DisconnectException: null
25-01-30 22:10:33.892 [org.springframework.kafka.KafkaListenerEndpointContainer#0-0-C-1] INFO  o.apache.kafka.clients.NetworkClient - [Consumer clientId=consumer-weekly-sentiments-group-1, groupId=weekly-sentiments-group] Disconnecting from node 1 due to socket connection setup timeout. The timeout value is 21989 ms. 
25-01-30 22:10:33.892 [org.springframework.kafka.KafkaListenerEndpointContainer#0-0-C-1] INFO  o.a.k.clients.FetchSessionHandler - [Consumer clientId=consumer-weekly-sentiments-group-1, groupId=weekly-sentiments-group] Error sending fetch request (sessionId=935258526, epoch=INITIAL) to node 1: 
org.apache.kafka.common.errors.DisconnectException: null
25-01-30 22:10:34.085 [org.springframework.kafka.KafkaListenerEndpointContainer#0-0-C-1] INFO  o.apache.kafka.clients.NetworkClient - [Consumer clientId=consumer-weekly-sentiments-group-1, groupId=weekly-sentiments-group] Disconnecting from node 11 due to socket connection setup timeout. The timeout value is 22216 ms. 
25-01-30 22:10:34.086 [org.springframework.kafka.KafkaListenerEndpointContainer#0-0-C-1] INFO  o.a.k.clients.FetchSessionHandler - [Consumer clientId=consumer-weekly-sentiments-group-1, groupId=weekly-sentiments-group] Error sending fetch request (sessionId=703617819, epoch=INITIAL) to node 11: 
org.apache.kafka.common.errors.DisconnectException: null
25-01-30 22:10:34.687 [org.springframework.kafka.KafkaListenerEndpointContainer#0-0-C-1] INFO  o.apache.kafka.clients.NetworkClient - [Consumer clientId=consumer-weekly-sentiments-group-1, groupId=weekly-sentiments-group] Disconnecting from node 10 due to socket connection setup timeout. The timeout value is 22793 ms. 
25-01-30 22:10:34.688 [org.springframework.kafka.KafkaListenerEndpointContainer#0-0-C-1] INFO  o.a.k.clients.FetchSessionHandler - [Consumer clientId=consumer-weekly-sentiments-group-1, groupId=weekly-sentiments-group] Error sending fetch request (sessionId=1475790119, epoch=INITIAL) to node 10: 
org.apache.kafka.common.errors.DisconnectException: null
25-01-30 22:10:37.121 [kafka-coordinator-heartbeat-thread | weekly-sentiments-group] INFO  o.a.k.clients.FetchSessionHandler - [Consumer clientId=consumer-weekly-sentiments-group-1, groupId=weekly-sentiments-group] Error sending fetch request (sessionId=462827814, epoch=INITIAL) to node 2: 
org.apache.kafka.common.errors.DisconnectException: null
25-01-30 22:10:37.121 [kafka-coordinator-heartbeat-thread | weekly-sentiments-group] INFO  o.a.k.clients.FetchSessionHandler - [Consumer clientId=consumer-weekly-sentiments-group-1, groupId=weekly-sentiments-group] Error sending fetch request (sessionId=1475790119, epoch=INITIAL) to node 10: 
org.apache.kafka.common.errors.DisconnectException: null
25-01-30 22:10:37.121 [org.springframework.kafka.KafkaListenerEndpointContainer#0-0-C-1] INFO  o.a.k.clients.FetchSessionHandler - [Consumer clientId=consumer-weekly-sentiments-group-1, groupId=weekly-sentiments-group] Error sending fetch request (sessionId=703617819, epoch=INITIAL) to node 11: 
org.apache.kafka.common.errors.DisconnectException: null
25-01-30 22:10:57.998 [org.springframework.kafka.KafkaListenerEndpointContainer#0-0-C-1] INFO  o.apache.kafka.clients.NetworkClient - [Consumer clientId=consumer-weekly-sentiments-group-1, groupId=weekly-sentiments-group] Disconnecting from node 0 due to socket connection setup timeout. The timeout value is 26131 ms. 
25-01-30 22:10:57.998 [org.springframework.kafka.KafkaListenerEndpointContainer#0-0-C-1] INFO  o.a.k.clients.FetchSessionHandler - [Consumer clientId=consumer-weekly-sentiments-group-1, groupId=weekly-sentiments-group] Error sending fetch request (sessionId=1087337584, epoch=INITIAL) to node 0: 
org.apache.kafka.common.errors.DisconnectException: null
