25-01-31 09:13:00.126 [main] INFO  o.s.b.w.e.tomcat.TomcatWebServer - Tomcat initialized with port 8080 (http) 
25-01-31 09:13:00.138 [main] INFO  o.a.coyote.http11.Http11NioProtocol - Initializing ProtocolHandler ["http-nio-8080"] 
25-01-31 09:13:00.139 [main] INFO  o.a.catalina.core.StandardService - Starting service [Tomcat] 
25-01-31 09:13:00.140 [main] INFO  o.a.catalina.core.StandardEngine - Starting Servlet engine: [Apache Tomcat/10.1.34] 
25-01-31 09:13:00.186 [main] INFO  o.a.c.c.C.[Tomcat].[localhost].[/] - Initializing Spring embedded WebApplicationContext 
25-01-31 09:13:00.187 [main] INFO  o.s.b.w.s.c.ServletWebServerApplicationContext - Root WebApplicationContext: initialization completed in 1293 ms 
25-01-31 09:13:05.511 [main] INFO  org.mongodb.driver.client - MongoClient with metadata {"application": {"name": "LaFlamme"}, "driver": {"name": "mongo-java-driver|sync|spring-boot", "version": "5.0.1"}, "os": {"type": "Linux", "name": "Linux", "architecture": "amd64", "version": "6.8.0-52-generic"}, "platform": "Java/Ubuntu/21.0.5+11-Ubuntu-1ubuntu124.04"} created with settings MongoClientSettings{readPreference=primary, writeConcern=WriteConcern{w=majority, wTimeout=null ms, journal=null}, retryWrites=true, retryReads=true, readConcern=ReadConcern{level=null}, credential=MongoCredential{mechanism=null, userName='adityaunal', source='admin', password=<hidden>, mechanismProperties=<hidden>}, transportSettings=null, commandListeners=[], codecRegistry=ProvidersCodecRegistry{codecProviders=[ValueCodecProvider{}, BsonValueCodecProvider{}, DBRefCodecProvider{}, DBObjectCodecProvider{}, DocumentCodecProvider{}, CollectionCodecProvider{}, IterableCodecProvider{}, MapCodecProvider{}, GeoJsonCodecProvider{}, GridFSFileCodecProvider{}, Jsr310CodecProvider{}, JsonObjectCodecProvider{}, BsonCodecProvider{}, EnumCodecProvider{}, com.mongodb.client.model.mql.ExpressionCodecProvider@2cae5fa7, com.mongodb.Jep395RecordCodecProvider@34aa8b61, com.mongodb.KotlinCodecProvider@6d7b001b]}, loggerSettings=LoggerSettings{maxDocumentLength=1000}, clusterSettings={hosts=[127.0.0.1:27017], srvHost=laflamme.u1zyt.mongodb.net, srvServiceName=mongodb, mode=MULTIPLE, requiredClusterType=REPLICA_SET, requiredReplicaSetName='atlas-qn13ej-shard-0', serverSelector='null', clusterListeners='[]', serverSelectionTimeout='30000 ms', localThreshold='15 ms'}, socketSettings=SocketSettings{connectTimeoutMS=10000, readTimeoutMS=0, receiveBufferSize=0, proxySettings=ProxySettings{host=null, port=null, username=null, password=null}}, heartbeatSocketSettings=SocketSettings{connectTimeoutMS=10000, readTimeoutMS=10000, receiveBufferSize=0, proxySettings=ProxySettings{host=null, port=null, username=null, password=null}}, connectionPoolSettings=ConnectionPoolSettings{maxSize=100, minSize=0, maxWaitTimeMS=120000, maxConnectionLifeTimeMS=0, maxConnectionIdleTimeMS=0, maintenanceInitialDelayMS=0, maintenanceFrequencyMS=60000, connectionPoolListeners=[], maxConnecting=2}, serverSettings=ServerSettings{heartbeatFrequencyMS=10000, minHeartbeatFrequencyMS=500, serverListeners='[]', serverMonitorListeners='[]'}, sslSettings=SslSettings{enabled=true, invalidHostNameAllowed=false, context=null}, applicationName='LaFlamme', compressorList=[], uuidRepresentation=JAVA_LEGACY, serverApi=null, autoEncryptionSettings=null, dnsClient=null, inetAddressResolver=null, contextProvider=null} 
25-01-31 09:13:05.586 [cluster-ClusterId{value='679c46c972310503b0f604c9', description='LaFlamme'}-srv-laflamme.u1zyt.mongodb.net] INFO  org.mongodb.driver.cluster - Adding discovered server laflamme-shard-00-01.u1zyt.mongodb.net:27017 to client view of cluster 
25-01-31 09:13:05.601 [cluster-ClusterId{value='679c46c972310503b0f604c9', description='LaFlamme'}-srv-laflamme.u1zyt.mongodb.net] INFO  org.mongodb.driver.cluster - Adding discovered server laflamme-shard-00-02.u1zyt.mongodb.net:27017 to client view of cluster 
25-01-31 09:13:05.604 [cluster-ClusterId{value='679c46c972310503b0f604c9', description='LaFlamme'}-srv-laflamme.u1zyt.mongodb.net] INFO  org.mongodb.driver.cluster - Adding discovered server laflamme-shard-00-00.u1zyt.mongodb.net:27017 to client view of cluster 
25-01-31 09:13:05.693 [main] INFO  org.mongodb.driver.cluster - Waiting for server to become available for operation with ID 1. Remaining time: 30000 ms. Selector: WritableServerSelector, topology description: {type=REPLICA_SET, servers=[{address=laflamme-shard-00-01.u1zyt.mongodb.net:27017, type=UNKNOWN, state=CONNECTING}, {address=laflamme-shard-00-00.u1zyt.mongodb.net:27017, type=UNKNOWN, state=CONNECTING}, {address=laflamme-shard-00-02.u1zyt.mongodb.net:27017, type=UNKNOWN, state=CONNECTING}]. 
25-01-31 09:13:06.774 [cluster-ClusterId{value='679c46c972310503b0f604c9', description='LaFlamme'}-laflamme-shard-00-01.u1zyt.mongodb.net:27017] INFO  org.mongodb.driver.cluster - Monitor thread successfully connected to server with description ServerDescription{address=laflamme-shard-00-01.u1zyt.mongodb.net:27017, type=REPLICA_SET_SECONDARY, state=CONNECTED, ok=true, minWireVersion=0, maxWireVersion=25, maxDocumentSize=16777216, logicalSessionTimeoutMinutes=30, roundTripTimeNanos=617264944, setName='atlas-qn13ej-shard-0', canonicalAddress=laflamme-shard-00-01.u1zyt.mongodb.net:27017, hosts=[laflamme-shard-00-00.u1zyt.mongodb.net:27017, laflamme-shard-00-02.u1zyt.mongodb.net:27017, laflamme-shard-00-01.u1zyt.mongodb.net:27017], passives=[], arbiters=[], primary='laflamme-shard-00-02.u1zyt.mongodb.net:27017', tagSet=TagSet{[Tag{name='availabilityZone', value='aps1-az3'}, Tag{name='diskState', value='READY'}, Tag{name='nodeType', value='ELECTABLE'}, Tag{name='provider', value='AWS'}, Tag{name='region', value='AP_SOUTH_1'}, Tag{name='workloadType', value='OPERATIONAL'}]}, electionId=null, setVersion=214, topologyVersion=TopologyVersion{processId=679b99f956e0c82813491538, counter=3}, lastWriteDate=Fri Jan 31 09:13:06 IST 2025, lastUpdateTimeNanos=1059731838349} 
25-01-31 09:13:06.810 [cluster-ClusterId{value='679c46c972310503b0f604c9', description='LaFlamme'}-laflamme-shard-00-00.u1zyt.mongodb.net:27017] INFO  org.mongodb.driver.cluster - Monitor thread successfully connected to server with description ServerDescription{address=laflamme-shard-00-00.u1zyt.mongodb.net:27017, type=REPLICA_SET_SECONDARY, state=CONNECTED, ok=true, minWireVersion=0, maxWireVersion=25, maxDocumentSize=16777216, logicalSessionTimeoutMinutes=30, roundTripTimeNanos=656293443, setName='atlas-qn13ej-shard-0', canonicalAddress=laflamme-shard-00-00.u1zyt.mongodb.net:27017, hosts=[laflamme-shard-00-00.u1zyt.mongodb.net:27017, laflamme-shard-00-02.u1zyt.mongodb.net:27017, laflamme-shard-00-01.u1zyt.mongodb.net:27017], passives=[], arbiters=[], primary='laflamme-shard-00-02.u1zyt.mongodb.net:27017', tagSet=TagSet{[Tag{name='availabilityZone', value='aps1-az1'}, Tag{name='diskState', value='READY'}, Tag{name='nodeType', value='ELECTABLE'}, Tag{name='provider', value='AWS'}, Tag{name='region', value='AP_SOUTH_1'}, Tag{name='workloadType', value='OPERATIONAL'}]}, electionId=null, setVersion=214, topologyVersion=TopologyVersion{processId=679b984c88f84c9980bfe31e, counter=4}, lastWriteDate=Fri Jan 31 09:13:06 IST 2025, lastUpdateTimeNanos=1059769255180} 
25-01-31 09:13:07.427 [cluster-ClusterId{value='679c46c972310503b0f604c9', description='LaFlamme'}-laflamme-shard-00-02.u1zyt.mongodb.net:27017] INFO  org.mongodb.driver.cluster - Monitor thread successfully connected to server with description ServerDescription{address=laflamme-shard-00-02.u1zyt.mongodb.net:27017, type=REPLICA_SET_PRIMARY, state=CONNECTED, ok=true, minWireVersion=0, maxWireVersion=25, maxDocumentSize=16777216, logicalSessionTimeoutMinutes=30, roundTripTimeNanos=1150621819, setName='atlas-qn13ej-shard-0', canonicalAddress=laflamme-shard-00-02.u1zyt.mongodb.net:27017, hosts=[laflamme-shard-00-00.u1zyt.mongodb.net:27017, laflamme-shard-00-02.u1zyt.mongodb.net:27017, laflamme-shard-00-01.u1zyt.mongodb.net:27017], passives=[], arbiters=[], primary='laflamme-shard-00-02.u1zyt.mongodb.net:27017', tagSet=TagSet{[Tag{name='availabilityZone', value='aps1-az2'}, Tag{name='diskState', value='READY'}, Tag{name='nodeType', value='ELECTABLE'}, Tag{name='provider', value='AWS'}, Tag{name='region', value='AP_SOUTH_1'}, Tag{name='workloadType', value='OPERATIONAL'}]}, electionId=7fffffff00000000000000af, setVersion=214, topologyVersion=TopologyVersion{processId=679b9764fe9e86e73165b605, counter=6}, lastWriteDate=Fri Jan 31 09:13:07 IST 2025, lastUpdateTimeNanos=1060385804475} 
25-01-31 09:13:07.427 [cluster-ClusterId{value='679c46c972310503b0f604c9', description='LaFlamme'}-laflamme-shard-00-02.u1zyt.mongodb.net:27017] INFO  org.mongodb.driver.cluster - Discovered replica set primary laflamme-shard-00-02.u1zyt.mongodb.net:27017 with max election id 7fffffff00000000000000af and max set version 214 
25-01-31 09:13:08.554 [main] WARN  o.s.s.c.a.a.c.InitializeUserDetailsBeanManagerConfigurer$InitializeUserDetailsManagerConfigurer - Global AuthenticationManager configured with an AuthenticationProvider bean. UserDetailsService beans will not be used for username/password login. Consider removing the AuthenticationProvider bean. Alternatively, consider using the UserDetailsService in a manually instantiated DaoAuthenticationProvider. 
25-01-31 09:13:09.057 [main] INFO  o.s.v.b.OptionalValidatorFactoryBean - Failed to set up a Bean Validation provider: jakarta.validation.NoProviderFoundException: Unable to create a Configuration, because no Jakarta Bean Validation provider could be found. Add a provider like Hibernate Validator (RI) to your classpath. 
25-01-31 09:13:09.295 [main] INFO  o.a.coyote.http11.Http11NioProtocol - Starting ProtocolHandler ["http-nio-8080"] 
25-01-31 09:13:09.302 [main] INFO  o.s.b.w.e.tomcat.TomcatWebServer - Tomcat started on port 8080 (http) with context path '/' 
25-01-31 09:13:09.329 [main] INFO  o.a.k.c.consumer.ConsumerConfig - ConsumerConfig values: 
	allow.auto.create.topics = true
	auto.commit.interval.ms = 5000
	auto.include.jmx.reporter = true
	auto.offset.reset = latest
	bootstrap.servers = [pkc-9q8rv.ap-south-2.aws.confluent.cloud:9092]
	check.crcs = true
	client.dns.lookup = use_all_dns_ips
	client.id = consumer-weekly-sentiments-group-1
	client.rack = 
	connections.max.idle.ms = 540000
	default.api.timeout.ms = 60000
	enable.auto.commit = false
	enable.metrics.push = true
	exclude.internal.topics = true
	fetch.max.bytes = 52428800
	fetch.max.wait.ms = 500
	fetch.min.bytes = 1
	group.id = weekly-sentiments-group
	group.instance.id = null
	group.protocol = classic
	group.remote.assignor = null
	heartbeat.interval.ms = 3000
	interceptor.classes = []
	internal.leave.group.on.close = true
	internal.throw.on.fetch.stable.offset.unsupported = false
	isolation.level = read_uncommitted
	key.deserializer = class org.apache.kafka.common.serialization.StringDeserializer
	max.partition.fetch.bytes = 1048576
	max.poll.interval.ms = 300000
	max.poll.records = 500
	metadata.max.age.ms = 300000
	metric.reporters = []
	metrics.num.samples = 2
	metrics.recording.level = INFO
	metrics.sample.window.ms = 30000
	partition.assignment.strategy = [class org.apache.kafka.clients.consumer.RangeAssignor, class org.apache.kafka.clients.consumer.CooperativeStickyAssignor]
	receive.buffer.bytes = 65536
	reconnect.backoff.max.ms = 1000
	reconnect.backoff.ms = 50
	request.timeout.ms = 30000
	retry.backoff.max.ms = 1000
	retry.backoff.ms = 100
	sasl.client.callback.handler.class = null
	sasl.jaas.config = [hidden]
	sasl.kerberos.kinit.cmd = /usr/bin/kinit
	sasl.kerberos.min.time.before.relogin = 60000
	sasl.kerberos.service.name = null
	sasl.kerberos.ticket.renew.jitter = 0.05
	sasl.kerberos.ticket.renew.window.factor = 0.8
	sasl.login.callback.handler.class = null
	sasl.login.class = null
	sasl.login.connect.timeout.ms = null
	sasl.login.read.timeout.ms = null
	sasl.login.refresh.buffer.seconds = 300
	sasl.login.refresh.min.period.seconds = 60
	sasl.login.refresh.window.factor = 0.8
	sasl.login.refresh.window.jitter = 0.05
	sasl.login.retry.backoff.max.ms = 10000
	sasl.login.retry.backoff.ms = 100
	sasl.mechanism = PLAIN
	sasl.oauthbearer.clock.skew.seconds = 30
	sasl.oauthbearer.expected.audience = null
	sasl.oauthbearer.expected.issuer = null
	sasl.oauthbearer.jwks.endpoint.refresh.ms = 3600000
	sasl.oauthbearer.jwks.endpoint.retry.backoff.max.ms = 10000
	sasl.oauthbearer.jwks.endpoint.retry.backoff.ms = 100
	sasl.oauthbearer.jwks.endpoint.url = null
	sasl.oauthbearer.scope.claim.name = scope
	sasl.oauthbearer.sub.claim.name = sub
	sasl.oauthbearer.token.endpoint.url = null
	security.protocol = SASL_SSL
	security.providers = null
	send.buffer.bytes = 131072
	session.timeout.ms = 45000
	socket.connection.setup.timeout.max.ms = 30000
	socket.connection.setup.timeout.ms = 10000
	ssl.cipher.suites = null
	ssl.enabled.protocols = [TLSv1.2, TLSv1.3]
	ssl.endpoint.identification.algorithm = https
	ssl.engine.factory.class = null
	ssl.key.password = null
	ssl.keymanager.algorithm = SunX509
	ssl.keystore.certificate.chain = null
	ssl.keystore.key = null
	ssl.keystore.location = null
	ssl.keystore.password = null
	ssl.keystore.type = JKS
	ssl.protocol = TLSv1.3
	ssl.provider = null
	ssl.secure.random.implementation = null
	ssl.trustmanager.algorithm = PKIX
	ssl.truststore.certificates = null
	ssl.truststore.location = null
	ssl.truststore.password = null
	ssl.truststore.type = JKS
	value.deserializer = class org.springframework.kafka.support.serializer.JsonDeserializer
 
25-01-31 09:13:09.360 [main] INFO  o.a.k.c.t.i.KafkaMetricsCollector - initializing Kafka metrics collector 
25-01-31 09:13:10.516 [main] INFO  o.a.k.c.s.a.AbstractLogin - Successfully logged in. 
25-01-31 09:13:10.550 [main] INFO  o.a.kafka.common.utils.AppInfoParser - Kafka version: 3.7.2 
25-01-31 09:13:10.559 [main] INFO  o.a.kafka.common.utils.AppInfoParser - Kafka commitId: 79a8f2b5f44f9d5a 
25-01-31 09:13:10.559 [main] INFO  o.a.kafka.common.utils.AppInfoParser - Kafka startTimeMs: 1738294990550 
25-01-31 09:13:10.562 [main] INFO  o.a.k.c.c.i.LegacyKafkaConsumer - [Consumer clientId=consumer-weekly-sentiments-group-1, groupId=weekly-sentiments-group] Subscribed to topic(s): weekly-sentiments 
25-01-31 09:13:10.576 [main] INFO  c.aditya.journal.JournalApplication - Started JournalApplication in 12.032 seconds (process running for 12.512) 
25-01-31 09:13:11.401 [org.springframework.kafka.KafkaListenerEndpointContainer#0-0-C-1] INFO  org.apache.kafka.clients.Metadata - [Consumer clientId=consumer-weekly-sentiments-group-1, groupId=weekly-sentiments-group] Cluster ID: lkc-5nw7d2 
25-01-31 09:13:11.422 [org.springframework.kafka.KafkaListenerEndpointContainer#0-0-C-1] INFO  o.a.k.c.c.i.ConsumerCoordinator - [Consumer clientId=consumer-weekly-sentiments-group-1, groupId=weekly-sentiments-group] Discovered group coordinator b4-pkc-9q8rv.ap-south-2.aws.confluent.cloud:9092 (id: 2147483643 rack: null) 
25-01-31 09:13:11.649 [org.springframework.kafka.KafkaListenerEndpointContainer#0-0-C-1] INFO  o.a.k.c.c.i.ConsumerCoordinator - [Consumer clientId=consumer-weekly-sentiments-group-1, groupId=weekly-sentiments-group] (Re-)joining group 
25-01-31 09:13:11.654 [org.springframework.kafka.KafkaListenerEndpointContainer#0-0-C-1] INFO  o.a.k.c.t.i.ClientTelemetryReporter - Client telemetry registered with client instance id: xKumi9DbQhC1fXvQsOHcYQ 
25-01-31 09:13:12.323 [org.springframework.kafka.KafkaListenerEndpointContainer#0-0-C-1] INFO  o.a.k.c.c.i.ConsumerCoordinator - [Consumer clientId=consumer-weekly-sentiments-group-1, groupId=weekly-sentiments-group] Request joining group due to: need to re-join with the given member-id: consumer-weekly-sentiments-group-1-c2e432ee-f593-463e-ac47-c3a5011e381d 
25-01-31 09:13:12.324 [org.springframework.kafka.KafkaListenerEndpointContainer#0-0-C-1] INFO  o.a.k.c.c.i.ConsumerCoordinator - [Consumer clientId=consumer-weekly-sentiments-group-1, groupId=weekly-sentiments-group] (Re-)joining group 
25-01-31 09:13:12.421 [org.springframework.kafka.KafkaListenerEndpointContainer#0-0-C-1] INFO  o.a.k.c.c.i.ConsumerCoordinator - [Consumer clientId=consumer-weekly-sentiments-group-1, groupId=weekly-sentiments-group] Successfully joined group with generation Generation{generationId=45, memberId='consumer-weekly-sentiments-group-1-c2e432ee-f593-463e-ac47-c3a5011e381d', protocol='range'} 
25-01-31 09:13:12.435 [org.springframework.kafka.KafkaListenerEndpointContainer#0-0-C-1] INFO  o.a.k.c.c.i.ConsumerCoordinator - [Consumer clientId=consumer-weekly-sentiments-group-1, groupId=weekly-sentiments-group] Finished assignment for group at generation 45: {consumer-weekly-sentiments-group-1-c2e432ee-f593-463e-ac47-c3a5011e381d=Assignment(partitions=[weekly-sentiments-0, weekly-sentiments-1, weekly-sentiments-2, weekly-sentiments-3, weekly-sentiments-4, weekly-sentiments-5])} 
25-01-31 09:13:12.540 [org.springframework.kafka.KafkaListenerEndpointContainer#0-0-C-1] INFO  o.a.k.c.c.i.ConsumerCoordinator - [Consumer clientId=consumer-weekly-sentiments-group-1, groupId=weekly-sentiments-group] Successfully synced group in generation Generation{generationId=45, memberId='consumer-weekly-sentiments-group-1-c2e432ee-f593-463e-ac47-c3a5011e381d', protocol='range'} 
25-01-31 09:13:12.540 [org.springframework.kafka.KafkaListenerEndpointContainer#0-0-C-1] INFO  o.a.k.c.c.i.ConsumerCoordinator - [Consumer clientId=consumer-weekly-sentiments-group-1, groupId=weekly-sentiments-group] Notifying assignor about the new Assignment(partitions=[weekly-sentiments-0, weekly-sentiments-1, weekly-sentiments-2, weekly-sentiments-3, weekly-sentiments-4, weekly-sentiments-5]) 
25-01-31 09:13:12.542 [org.springframework.kafka.KafkaListenerEndpointContainer#0-0-C-1] INFO  o.a.k.c.c.i.ConsumerRebalanceListenerInvoker - [Consumer clientId=consumer-weekly-sentiments-group-1, groupId=weekly-sentiments-group] Adding newly assigned partitions: weekly-sentiments-0, weekly-sentiments-1, weekly-sentiments-2, weekly-sentiments-3, weekly-sentiments-4, weekly-sentiments-5 
25-01-31 09:13:12.682 [org.springframework.kafka.KafkaListenerEndpointContainer#0-0-C-1] INFO  o.a.k.c.c.internals.ConsumerUtils - Setting offset for partition weekly-sentiments-3 to the committed offset FetchPosition{offset=0, offsetEpoch=Optional.empty, currentLeader=LeaderAndEpoch{leader=Optional[b1-pkc-9q8rv.ap-south-2.aws.confluent.cloud:9092 (id: 1 rack: aps2-az2)], epoch=2}} 
25-01-31 09:13:12.682 [org.springframework.kafka.KafkaListenerEndpointContainer#0-0-C-1] INFO  o.a.k.c.c.internals.ConsumerUtils - Setting offset for partition weekly-sentiments-2 to the committed offset FetchPosition{offset=0, offsetEpoch=Optional.empty, currentLeader=LeaderAndEpoch{leader=Optional[b0-pkc-9q8rv.ap-south-2.aws.confluent.cloud:9092 (id: 0 rack: aps2-az1)], epoch=2}} 
25-01-31 09:13:12.682 [org.springframework.kafka.KafkaListenerEndpointContainer#0-0-C-1] INFO  o.a.k.c.c.internals.ConsumerUtils - Setting offset for partition weekly-sentiments-5 to the committed offset FetchPosition{offset=0, offsetEpoch=Optional.empty, currentLeader=LeaderAndEpoch{leader=Optional[b3-pkc-9q8rv.ap-south-2.aws.confluent.cloud:9092 (id: 3 rack: aps2-az1)], epoch=2}} 
25-01-31 09:13:12.682 [org.springframework.kafka.KafkaListenerEndpointContainer#0-0-C-1] INFO  o.a.k.c.c.internals.ConsumerUtils - Setting offset for partition weekly-sentiments-4 to the committed offset FetchPosition{offset=0, offsetEpoch=Optional.empty, currentLeader=LeaderAndEpoch{leader=Optional[b2-pkc-9q8rv.ap-south-2.aws.confluent.cloud:9092 (id: 2 rack: aps2-az3)], epoch=2}} 
25-01-31 09:13:12.683 [org.springframework.kafka.KafkaListenerEndpointContainer#0-0-C-1] INFO  o.a.k.c.c.internals.ConsumerUtils - Setting offset for partition weekly-sentiments-1 to the committed offset FetchPosition{offset=0, offsetEpoch=Optional.empty, currentLeader=LeaderAndEpoch{leader=Optional[b11-pkc-9q8rv.ap-south-2.aws.confluent.cloud:9092 (id: 11 rack: aps2-az3)], epoch=2}} 
25-01-31 09:13:12.683 [org.springframework.kafka.KafkaListenerEndpointContainer#0-0-C-1] INFO  o.a.k.c.c.internals.ConsumerUtils - Setting offset for partition weekly-sentiments-0 to the committed offset FetchPosition{offset=2, offsetEpoch=Optional.empty, currentLeader=LeaderAndEpoch{leader=Optional[b10-pkc-9q8rv.ap-south-2.aws.confluent.cloud:9092 (id: 10 rack: aps2-az2)], epoch=2}} 
25-01-31 09:13:12.784 [org.springframework.kafka.KafkaListenerEndpointContainer#0-0-C-1] INFO  o.s.k.l.KafkaMessageListenerContainer - weekly-sentiments-group: partitions assigned: [weekly-sentiments-0, weekly-sentiments-1, weekly-sentiments-2, weekly-sentiments-3, weekly-sentiments-4, weekly-sentiments-5] 
25-01-31 09:13:20.064 [http-nio-8080-exec-1] INFO  o.a.c.c.C.[Tomcat].[localhost].[/] - Initializing Spring DispatcherServlet 'dispatcherServlet' 
25-01-31 09:13:20.064 [http-nio-8080-exec-1] INFO  o.s.web.servlet.DispatcherServlet - Initializing Servlet 'dispatcherServlet' 
25-01-31 09:13:20.065 [http-nio-8080-exec-1] INFO  o.s.web.servlet.DispatcherServlet - Completed initialization in 1 ms 
25-01-31 09:13:20.553 [http-nio-8080-exec-10] INFO  o.s.api.AbstractOpenApiResource - Init duration for springdoc-openapi is: 229 ms 
